<?xml version="1.0" encoding="UTF-8"?>
<testng-results total="2" passed="2" failed="0" skipped="0">
  <reporter-output>
  </reporter-output>
  <suite started-at="2022-11-11T07:47:19Z" name="Default suite" finished-at="2022-11-11T07:47:47Z" duration-ms="28502">
    <groups>
    </groups>
    <test started-at="2022-11-11T07:47:19Z" name="Default test" finished-at="2022-11-11T07:47:47Z" duration-ms="28502">
      <class name="Demo.annotation">
        <test-method is-config="true" signature="beforetest()[pri:0, instance:Demo.annotation@74589991]" started-at="2022-11-11T13:17:19Z" name="beforetest" finished-at="2022-11-11T13:17:30Z" duration-ms="11039" status="PASS">
          <reporter-output>
          </reporter-output>
        </test-method> <!-- beforetest -->
        <test-method signature="testcase1()[pri:0, instance:Demo.annotation@74589991]" started-at="2022-11-11T13:17:30Z" name="testcase1" finished-at="2022-11-11T13:17:36Z" duration-ms="6351" status="PASS">
          <reporter-output>
          </reporter-output>
        </test-method> <!-- testcase1 -->
        <test-method signature="testcase2()[pri:0, instance:Demo.annotation@74589991]" started-at="2022-11-11T13:17:36Z" name="testcase2" finished-at="2022-11-11T13:17:40Z" duration-ms="3982" status="PASS">
          <reporter-output>
          </reporter-output>
        </test-method> <!-- testcase2 -->
        <test-method is-config="true" signature="end()[pri:0, instance:Demo.annotation@74589991]" started-at="2022-11-11T13:17:40Z" name="end" finished-at="2022-11-11T13:17:47Z" duration-ms="7103" status="PASS">
          <reporter-output>
          </reporter-output>
        </test-method> <!-- end -->
      </class> <!-- Demo.annotation -->
    </test> <!-- Default test -->
  </suite> <!-- Default suite -->
</testng-results>
